1520317929502	geckodriver	INFO	geckodriver 0.19.1
1520317929517	geckodriver	INFO	Listening on 127.0.0.1:61871
1520317932533	mozrunner::runner	INFO	Running command: "C:\\Program Files\\Mozilla Firefox\\firefox.exe" "-marionette" "-profile" "C:\\Users\\vishvraj\\AppData\\Local\\Temp\\rust_mozprofile.JyvDZ1u4xqhe"
Unable to read VR Path Registry from C:\Users\vishvraj\AppData\Local\openvr\openvrpaths.vrpath
1520317933804	Marionette	INFO	Enabled via --marionette
Unable to read VR Path Registry from C:\Users\vishvraj\AppData\Local\openvr\openvrpaths.vrpath
Unable to read VR Path Registry from C:\Users\vishvraj\AppData\Local\openvr\openvrpaths.vrpath
Unable to read VR Path Registry from C:\Users\vishvraj\AppData\Local\openvr\openvrpaths.vrpath
Unable to read VR Path Registry from C:\Users\vishvraj\AppData\Local\openvr\openvrpaths.vrpath
1520317937298	Marionette	INFO	Listening on port 61879
1520317937894	Marionette	WARN	TLS certificate errors will be ignored for this session
JavaScript error: https://cdm.cursecdn.com/js/socialblade/cdmfactorem_min.js?misc=1520317954176, line 3: TypeError: e.seatbid is undefined
1520317987782	addons.productaddons	ERROR	Request failed certificate checks: [Exception... "Certificate checks failed. See previous errors for details."  nsresult: "0x80070057 (NS_ERROR_ILLEGAL_VALUE)"  location: "JS frame :: resource://gre/modules/CertUtils.jsm :: validateCert :: line 113"  data: no]
[Parent 14524, Gecko_IOThread] WARNING: pipe error: 109: file z:/build/build/src/ipc/chromium/src/chrome/common/ipc_channel_win.cc, line 346
[Child 16420, Chrome_ChildThread] WARNING: pipe error: 109: file z:/build/build/src/ipc/chromium/src/chrome/common/ipc_channel_win.cc, line 346
[Child 16420, Chro[Parent 14524, Gecko_IOThread] WARNING: pipe error: 109: file z:/build/build/src/ipc/chromium/src/chrome/common/ipc_channel_win.cc, line 346
[Child 12880, Chrome_ChildThread] WARNING: pipe error: 109: file z:/build/build/src/ipc/chromium/src/chrome/common/ipc_channel_win.cc, line 346

###!!! [Child][MessageChannel::SendAndWait] Error: Channel error: cannot send/recv

rrors for details."  nsresult: "0x80070057 (NS_ERROR_ILLEGAL_VALUE)"  location: "JS frame :: resource://gre/modules/CertUtils.jsm :: validateCert :: line 113"  data: no]
JavaScript error: https://cdm.cursecdn.com/js/socialblade/cdmfactorem_min.js?misc=1520317994452, line 3: TypeError: e.seatbid is undefined
JavaScript error: https://cdm.cursecdn.com/js/socialblade/cdmfactorem_min.js?misc=1520318024128, line 3: TypeError: e.seatbid is undefined
JavaScript error: https://cdm.cursecdn.com/js/socialblade/cdmfactorem_min.js?misc=1520318031532, line 3: TypeError: e.seatbid is undefined
JavaScript error: https://cdm.cursecdn.com/js/socialblade/cdmfactorem_min.js?misc=1520318036770, line 3: TypeError: e.seatbid is undefined
JavaScript error: https://cdm.cursecdn.com/js/socialblade/cdmfactorem_min.js?misc=1520318042924, line 3: TypeError: e.seatbid is undefined
JavaScript error: https://cdm.cursecdn.com/js/socialblade/cdmfactorem_min.js?misc=1520318049842, line 3: TypeError: e.seatbid is undefined
JavaScript error: https://cdm.cursecdn.com/js/socialblade/cdmfactorem_min.js?misc=1520318056150, line 3: TypeError: e.seatbid is undefined
JavaScript error: https://cdm.cursecdn.com/js/socialblade/cdmfactorem_min.js?misc=1520318059612, line 3: TypeError: e.seatbid is undefined
JavaScript error: https://cdm.cursecdn.com/js/socialblade/cdmfactorem_min.js?misc=1520318062694, line 3: TypeError: e.seatbid is undefined
JavaScript error: https://cdm.cursecdn.com/js/socialblade/cdmfactorem_min.js?misc=1520318069994, line 3: TypeError: e.seatbid is undefined
JavaScript error: https://cdm.cursecdn.com/js/socialblade/cdmfactorem_min.js?misc=1520318075304, line 3: TypeError: e.seatbid is undefined
JavaScript error: https://cdm.cursecdn.com/js/socialblade/cdmfactorem_min.js?misc=1520318081950, line 3: TypeError: e.seatbid is undefined
JavaScript error: https://cdm.cursecdn.com/js/socialblade/cdmfactorem_min.js?misc=1520318088574, line 3: TypeError: e.seatbid is undefined
JavaScript error: https://cdm.cursecdn.com/js/socialblade/cdmfactorem_min.js?misc=1520318091740, line 3: TypeError: e.seatbid is undefined
JavaScript error: https://cdm.cursecdn.com/js/socialblade/cdmfactorem_min.js?misc=1520318094562, line 3: TypeError: e.seatbid is undefined
JavaScript error: https://cdm.cursecdn.com/js/socialblade/cdmfactorem_min.js?misc=1520318100860, line 3: TypeError: e.seatbid is undefined
IPDL protocol error: Handler returned error code!

###!!! [Parent][DispatchAsyncMessage] Error: PLayerTransaction::Msg_ReleaseLayer Processing error: message was deserialized, but the handler returned false (indicating failure)

IPDL protocol error: Handler returned error code!

###!!! [Parent][DispatchAsyncMessage] Error: PLayerTransaction::Msg_ReleaseLayer Processing error: message was deserialized, but the handler returned false (indicating failure)

IPDL protocol error: Handler returned error code!

###!!! [Parent][DispatchAsyncMessage] Error: PLayerTransaction::Msg_ReleaseLayer Processing error: message was deserialized, but the handler returned false (indicating failure)

[Parent 13932, Gecko_IOThread] WARNING: pipe error: 109: file z:/build/build/src/ipc/chromium/src/chrome/common/ipc_channel_win.cc, line 346
[Child 10840, Chrome_ChildThread] WARNING: pipe error: 109: file z:/build/build/src/ipc/chromium/src/chrome/common/ipc_channel_win.cc, line 346
[Child 10840, Chrome_ChildThread] WARNING: pi
###!!! [Child][MessageChannel::SendAndWait] Error: Channel error: cannot send/recv

